2024-08-19 16:27:41,161 - root - INFO - Predicting secondary structure and loop type.
2024-08-19 16:27:42,115 - root - WARNING - Skipping ENST00000263100. Sequence longer than 500.
2024-08-19 16:27:42,115 - root - WARNING - Skipping ENST00000373993. Sequence longer than 500.
2024-08-19 16:27:42,115 - root - WARNING - Skipping ENST00000318602. Sequence longer than 500.
2024-08-19 16:27:42,116 - root - WARNING - Skipping ENST00000299698. Sequence longer than 500.
2024-08-19 16:27:42,116 - root - WARNING - Skipping ENST00000401850. Sequence longer than 500.
2024-08-19 16:27:42,116 - root - WARNING - Skipping ENST00000236709. Sequence longer than 500.
2024-08-19 16:27:42,117 - root - WARNING - Skipping ENST00000209873. Sequence longer than 500.
2024-08-19 16:27:42,117 - root - WARNING - Skipping ENST00000316519. Sequence longer than 500.
2024-08-19 16:27:42,117 - root - WARNING - Skipping ENST00000232892. Sequence longer than 500.
2024-08-19 16:27:42,117 - root - WARNING - Skipping ENST00000515480. Sequence longer than 500.
2024-08-19 16:27:42,118 - root - WARNING - Skipping ENST00000261880. Sequence longer than 500.
2024-08-19 16:27:42,118 - root - WARNING - Skipping ENST00000409085. Sequence longer than 500.
2024-08-19 16:27:42,118 - root - WARNING - Skipping ENST00000526415. Sequence longer than 500.
2024-08-19 16:27:42,119 - root - WARNING - Skipping ENST00000420660. Sequence longer than 500.
2024-08-19 16:27:42,119 - root - WARNING - Skipping ENST00000373932. Sequence longer than 500.
2024-08-19 16:27:42,119 - root - WARNING - Skipping ENST00000378279. Sequence longer than 500.
2024-08-19 16:27:42,119 - root - WARNING - Skipping ENST00000261772. Sequence longer than 500.
2024-08-19 16:27:42,120 - root - WARNING - Skipping ENST00000602986. Sequence longer than 500.
2024-08-19 16:27:42,120 - root - WARNING - Skipping ENST00000278618. Sequence longer than 500.
2024-08-19 16:27:42,120 - root - WARNING - Skipping ENST00000417368. Sequence longer than 500.
2024-08-19 16:27:42,121 - root - WARNING - Skipping ENST00000417379. Sequence longer than 500.
2024-08-19 16:27:42,121 - root - WARNING - Skipping ENST00000425191. Sequence longer than 500.
2024-08-19 16:27:42,121 - root - WARNING - Skipping ENST00000374736. Sequence longer than 500.
2024-08-19 16:27:42,121 - root - WARNING - Skipping ENST00000389661. Sequence longer than 500.
2024-08-19 16:27:42,122 - root - WARNING - Skipping ENST00000371605. Sequence longer than 500.
2024-08-19 16:27:42,122 - root - WARNING - Skipping ENST00000382381. Sequence longer than 500.
2024-08-19 16:27:42,122 - root - WARNING - Skipping ENST00000588877. Sequence longer than 500.
2024-08-19 16:27:42,122 - root - WARNING - Skipping ENST00000284425. Sequence longer than 500.
2024-08-19 16:27:42,123 - root - WARNING - Skipping ENST00000586539. Sequence longer than 500.
2024-08-19 16:27:42,124 - root - WARNING - Skipping ENST00000453985. Sequence longer than 500.
2024-08-19 16:27:42,124 - root - WARNING - Skipping ENST00000622132. Sequence longer than 500.
2024-08-19 16:27:42,125 - root - WARNING - Skipping ENST00000344517. Sequence longer than 500.
2024-08-19 16:27:42,125 - root - WARNING - Skipping ENST00000265316. Sequence longer than 500.
2024-08-19 16:27:42,125 - root - WARNING - Skipping ENST00000373394. Sequence longer than 500.
2024-08-19 16:27:42,126 - root - WARNING - Skipping ENST00000542328. Sequence longer than 500.
2024-08-19 16:27:42,126 - root - WARNING - Skipping ENST00000344275. Sequence longer than 500.
2024-08-19 16:27:42,126 - root - WARNING - Skipping ENST00000244533. Sequence longer than 500.
2024-08-19 16:27:42,127 - root - WARNING - Skipping ENST00000285238. Sequence longer than 500.
2024-08-19 16:27:42,127 - root - WARNING - Skipping ENST00000265586. Sequence longer than 500.
2024-08-19 16:27:42,127 - root - WARNING - Skipping ENST00000205557. Sequence longer than 500.
2024-08-19 16:27:42,128 - root - WARNING - Skipping ENST00000389817. Sequence longer than 500.
2024-08-19 16:27:42,128 - root - WARNING - Skipping ENST00000218104. Sequence longer than 500.
2024-08-19 16:27:42,128 - root - WARNING - Skipping ENST00000308666. Sequence longer than 500.
2024-08-19 16:27:42,129 - root - WARNING - Skipping ENST00000370214. Sequence longer than 500.
2024-08-19 16:27:42,129 - root - WARNING - Skipping ENST00000356924. Sequence longer than 500.
2024-08-19 16:27:42,129 - root - WARNING - Skipping ENST00000296577. Sequence longer than 500.
2024-08-19 16:27:42,129 - root - WARNING - Skipping ENST00000287844. Sequence longer than 500.
2024-08-19 16:27:42,130 - root - WARNING - Skipping ENST00000429586. Sequence longer than 500.
2024-08-19 16:27:42,130 - root - WARNING - Skipping ENST00000347800. Sequence longer than 500.
2024-08-19 16:27:42,130 - root - WARNING - Skipping ENST00000515655. Sequence longer than 500.
2024-08-19 16:27:42,131 - root - WARNING - Skipping ENST00000272286. Sequence longer than 500.
2024-08-19 16:27:42,131 - root - WARNING - Skipping ENST00000273359. Sequence longer than 500.
2024-08-19 16:27:42,131 - root - WARNING - Skipping ENST00000222800. Sequence longer than 500.
2024-08-19 16:27:42,131 - root - WARNING - Skipping ENST00000339157. Sequence longer than 500.
2024-08-19 16:27:42,132 - root - WARNING - Skipping ENST00000375898. Sequence longer than 500.
2024-08-19 16:27:42,132 - root - WARNING - Skipping ENST00000273596. Sequence longer than 500.
2024-08-19 16:27:42,132 - root - WARNING - Skipping ENST00000525795. Sequence longer than 500.
2024-08-19 16:27:42,132 - root - WARNING - Skipping ENST00000307201. Sequence longer than 500.
2024-08-19 16:27:42,133 - root - WARNING - Skipping ENST00000292577. Sequence longer than 500.
2024-08-19 16:27:42,133 - root - WARNING - Skipping ENST00000333421. Sequence longer than 500.
2024-08-19 16:27:42,133 - root - WARNING - Skipping ENST00000258884. Sequence longer than 500.
2024-08-19 16:27:42,134 - root - WARNING - Skipping ENST00000444616. Sequence longer than 500.
2024-08-19 16:27:42,134 - root - WARNING - Skipping ENST00000565973. Sequence longer than 500.
2024-08-19 16:27:42,134 - root - WARNING - Skipping ENST00000289119. Sequence longer than 500.
2024-08-19 16:27:42,135 - root - WARNING - Skipping ENST00000428304. Sequence longer than 500.
2024-08-19 16:27:42,137 - root - WARNING - Skipping ENST00000458276. Sequence longer than 500.
2024-08-19 16:27:42,137 - root - WARNING - Skipping ENST00000478253. Sequence longer than 500.
2024-08-19 16:27:42,137 - root - WARNING - Skipping ENST00000376138. Sequence longer than 500.
2024-08-19 16:27:42,138 - root - WARNING - Skipping ENST00000261017. Sequence longer than 500.
2024-08-19 16:27:42,138 - root - WARNING - Skipping ENST00000225941. Sequence longer than 500.
2024-08-19 16:27:42,138 - root - WARNING - Skipping ENST00000471714. Sequence longer than 500.
2024-08-19 16:27:42,139 - root - WARNING - Skipping ENST00000369256. Sequence longer than 500.
2024-08-19 16:27:42,139 - root - WARNING - Skipping ENST00000447017. Sequence longer than 500.
2024-08-19 16:27:42,139 - root - WARNING - Skipping ENST00000508983. Sequence longer than 500.
2024-08-19 16:27:42,139 - root - WARNING - Skipping ENST00000611156. Sequence longer than 500.
2024-08-19 16:27:42,140 - root - WARNING - Skipping ENST00000311955. Sequence longer than 500.
2024-08-19 16:27:42,140 - root - WARNING - Skipping ENST00000367660. Sequence longer than 500.
2024-08-19 16:27:42,140 - root - WARNING - Skipping ENST00000274849. Sequence longer than 500.
2024-08-19 16:27:42,140 - root - WARNING - Skipping ENST00000232744. Sequence longer than 500.
2024-08-19 16:27:42,141 - root - WARNING - Skipping ENST00000435224. Sequence longer than 500.
2024-08-19 16:27:42,141 - root - WARNING - Skipping ENST00000348433. Sequence longer than 500.
2024-08-19 16:27:42,143 - root - WARNING - Skipping ENST00000409176. Sequence longer than 500.
2024-08-19 16:27:42,144 - root - WARNING - Skipping ENST00000333167. Sequence longer than 500.
2024-08-19 16:27:42,144 - root - WARNING - Skipping ENST00000285093. Sequence longer than 500.
2024-08-19 16:27:42,145 - root - WARNING - Skipping ENST00000377848. Sequence longer than 500.
2024-08-19 16:27:42,145 - root - WARNING - Skipping ENST00000455480. Sequence longer than 500.
2024-08-19 16:27:42,145 - root - WARNING - Skipping ENST00000264990. Sequence longer than 500.
2024-08-19 16:27:42,145 - root - WARNING - Skipping ENST00000281182. Sequence longer than 500.
2024-08-19 16:27:42,146 - root - WARNING - Skipping ENST00000308982. Sequence longer than 500.
2024-08-19 16:27:42,146 - root - WARNING - Skipping ENST00000233710. Sequence longer than 500.
2024-08-19 16:27:42,146 - root - WARNING - Skipping ENST00000370841. Sequence longer than 500.
2024-08-19 16:27:42,147 - root - WARNING - Skipping ENST00000242592. Sequence longer than 500.
2024-08-19 16:27:42,147 - root - WARNING - Skipping ENST00000358776. Sequence longer than 500.
2024-08-19 16:27:42,147 - root - WARNING - Skipping ENST00000356839. Sequence longer than 500.
2024-08-19 16:27:42,152 - root - WARNING - Skipping ENST00000158762. Sequence longer than 500.
2024-08-19 16:27:42,152 - root - WARNING - Skipping ENST00000326793. Sequence longer than 500.
2024-08-19 16:27:42,152 - root - WARNING - Skipping ENST00000354700. Sequence longer than 500.
2024-08-19 16:27:42,154 - root - WARNING - Skipping ENST00000265838. Sequence longer than 500.
2024-08-19 16:27:42,154 - root - WARNING - Skipping ENST00000367048. Sequence longer than 500.
2024-08-19 16:27:42,155 - root - WARNING - Skipping ENST00000366812. Sequence longer than 500.
2024-08-19 16:27:42,155 - root - WARNING - Skipping ENST00000398322. Sequence longer than 500.
2024-08-19 16:27:42,155 - root - WARNING - Skipping ENST00000375888. Sequence longer than 500.
2024-08-19 16:27:42,156 - root - WARNING - Skipping ENST00000367595. Sequence longer than 500.
2024-08-19 16:27:42,156 - root - WARNING - Skipping ENST00000356189. Sequence longer than 500.
2024-08-19 16:27:42,156 - root - WARNING - Skipping ENST00000263776. Sequence longer than 500.
2024-08-19 16:27:42,156 - root - WARNING - Skipping ENST00000219251. Sequence longer than 500.
2024-08-19 16:27:42,157 - root - WARNING - Skipping ENST00000290866. Sequence longer than 500.
2024-08-19 16:27:42,157 - root - WARNING - Skipping ENST00000427411. Sequence longer than 500.
2024-08-19 16:27:42,157 - root - WARNING - Skipping ENST00000428317. Sequence longer than 500.
2024-08-19 16:27:42,157 - root - WARNING - Skipping ENST00000605057. Sequence longer than 500.
2024-08-19 16:27:42,158 - root - WARNING - Skipping ENST00000537147. Sequence longer than 500.
2024-08-19 16:27:42,158 - root - WARNING - Skipping ENST00000272928. Sequence longer than 500.
2024-08-19 16:27:42,158 - root - WARNING - Skipping ENST00000590151. Sequence longer than 500.
2024-08-19 16:27:42,159 - root - WARNING - Skipping ENST00000356140. Sequence longer than 500.
2024-08-19 16:27:42,159 - root - WARNING - Skipping ENST00000541043. Sequence longer than 500.
2024-08-19 16:27:42,159 - root - WARNING - Skipping ENST00000216254. Sequence longer than 500.
2024-08-19 16:27:42,160 - root - WARNING - Skipping ENST00000311148. Sequence longer than 500.
2024-08-19 16:27:42,160 - root - WARNING - Skipping ENST00000343744. Sequence longer than 500.
2024-08-19 16:27:42,160 - root - WARNING - Skipping ENST00000307624. Sequence longer than 500.
2024-08-19 16:27:42,160 - root - WARNING - Skipping ENST00000537591. Sequence longer than 500.
2024-08-19 16:27:42,161 - root - WARNING - Skipping ENST00000326303. Sequence longer than 500.
2024-08-19 16:27:42,161 - root - WARNING - Skipping ENST00000608083. Sequence longer than 500.
2024-08-19 16:27:42,161 - root - WARNING - Skipping ENST00000217455. Sequence longer than 500.
2024-08-19 16:27:42,161 - root - WARNING - Skipping ENST00000379303. Sequence longer than 500.
2024-08-19 16:27:42,162 - root - WARNING - Skipping ENST00000301608. Sequence longer than 500.
2024-08-19 16:27:42,162 - root - WARNING - Skipping ENST00000302819. Sequence longer than 500.
2024-08-19 16:27:42,162 - root - WARNING - Skipping ENST00000272065. Sequence longer than 500.
2024-08-19 16:27:42,162 - root - WARNING - Skipping ENST00000256997. Sequence longer than 500.
2024-08-19 16:27:42,163 - root - WARNING - Skipping ENST00000592828. Sequence longer than 500.
2024-08-19 16:27:42,163 - root - WARNING - Skipping ENST00000583509. Sequence longer than 500.
2024-08-19 16:27:42,163 - root - WARNING - Skipping ENST00000336375. Sequence longer than 500.
2024-08-19 16:27:42,164 - root - WARNING - Skipping ENST00000216139. Sequence longer than 500.
2024-08-19 16:27:42,164 - root - WARNING - Skipping ENST00000229243. Sequence longer than 500.
2024-08-19 16:27:42,164 - root - WARNING - Skipping ENST00000527795. Sequence longer than 500.
2024-08-19 16:27:42,164 - root - WARNING - Skipping ENST00000258873. Sequence longer than 500.
2024-08-19 16:27:42,165 - root - WARNING - Skipping ENST00000427954. Sequence longer than 500.
2024-08-19 16:27:42,165 - root - WARNING - Skipping ENST00000614302. Sequence longer than 500.
2024-08-19 16:27:42,165 - root - WARNING - Skipping ENST00000504342. Sequence longer than 500.
2024-08-19 16:27:42,165 - root - WARNING - Skipping ENST00000392066. Sequence longer than 500.
2024-08-19 16:27:42,166 - root - WARNING - Skipping ENST00000348502. Sequence longer than 500.
2024-08-19 16:27:42,166 - root - WARNING - Skipping ENST00000393081. Sequence longer than 500.
2024-08-19 16:27:42,166 - root - WARNING - Skipping ENST00000379240. Sequence longer than 500.
2024-08-19 16:27:42,167 - root - WARNING - Skipping ENST00000575690. Sequence longer than 500.
2024-08-19 16:27:42,167 - root - WARNING - Skipping ENST00000567001. Sequence longer than 500.
2024-08-19 16:27:42,167 - root - WARNING - Skipping ENST00000289416. Sequence longer than 500.
2024-08-19 16:27:42,167 - root - WARNING - Skipping ENST00000331849. Sequence longer than 500.
2024-08-19 16:27:42,171 - root - WARNING - Skipping ENST00000323482. Sequence longer than 500.
2024-08-19 16:27:42,172 - root - WARNING - Skipping ENST00000360596. Sequence longer than 500.
2024-08-19 16:27:42,172 - root - WARNING - Skipping ENST00000261206. Sequence longer than 500.
2024-08-19 16:27:42,172 - root - WARNING - Skipping ENST00000366684. Sequence longer than 500.
2024-08-19 16:27:42,172 - root - WARNING - Skipping ENST00000290378. Sequence longer than 500.
2024-08-19 16:27:42,173 - root - WARNING - Skipping ENST00000615544. Sequence longer than 500.
2024-08-19 16:27:42,173 - root - WARNING - Skipping ENST00000409624. Sequence longer than 500.
2024-08-19 16:27:42,173 - root - WARNING - Skipping ENST00000429709. Sequence longer than 500.
2024-08-19 16:27:42,174 - root - WARNING - Skipping ENST00000160382. Sequence longer than 500.
2024-08-19 16:27:42,174 - root - WARNING - Skipping ENST00000333999. Sequence longer than 500.
2024-08-19 16:27:42,174 - root - WARNING - Skipping ENST00000374667. Sequence longer than 500.
2024-08-19 16:27:42,174 - root - WARNING - Skipping ENST00000617065. Sequence longer than 500.
2024-08-19 16:27:42,175 - root - WARNING - Skipping ENST00000394419. Sequence longer than 500.
2024-08-19 16:27:42,176 - root - WARNING - Skipping ENST00000366578. Sequence longer than 500.
2024-08-19 16:27:42,176 - root - WARNING - Skipping ENST00000513398. Sequence longer than 500.
2024-08-19 16:27:42,179 - root - WARNING - Skipping ENST00000254286. Sequence longer than 500.
2024-08-19 16:27:42,179 - root - WARNING - Skipping ENST00000369905. Sequence longer than 500.
2024-08-19 16:27:42,180 - root - WARNING - Skipping ENST00000289228. Sequence longer than 500.
2024-08-19 16:27:42,180 - root - WARNING - Skipping ENST00000260641. Sequence longer than 500.
2024-08-19 16:27:42,180 - root - WARNING - Skipping ENST00000263238. Sequence longer than 500.
2024-08-19 16:27:42,181 - root - WARNING - Skipping ENST00000256001. Sequence longer than 500.
2024-08-19 16:27:42,181 - root - WARNING - Skipping ENST00000243903. Sequence longer than 500.
2024-08-19 16:27:42,181 - root - WARNING - Skipping ENST00000188312. Sequence longer than 500.
2024-08-19 16:27:42,181 - root - WARNING - Skipping ENST00000335754. Sequence longer than 500.
2024-08-19 16:27:42,182 - root - WARNING - Skipping ENST00000378404. Sequence longer than 500.
2024-08-19 16:27:42,182 - root - WARNING - Skipping ENST00000330368. Sequence longer than 500.
2024-08-19 16:27:42,182 - root - WARNING - Skipping ENST00000434821. Sequence longer than 500.
2024-08-19 16:27:42,182 - root - WARNING - Skipping ENST00000542485. Sequence longer than 500.
2024-08-19 16:27:42,183 - root - WARNING - Skipping ENST00000409680. Sequence longer than 500.
2024-08-19 16:27:42,183 - root - WARNING - Skipping ENST00000535787. Sequence longer than 500.
2024-08-19 16:27:42,183 - root - WARNING - Skipping ENST00000388922. Sequence longer than 500.
2024-08-19 16:27:42,183 - root - WARNING - Skipping ENST00000404366. Sequence longer than 500.
2024-08-19 16:27:42,184 - root - WARNING - Skipping ENST00000255082. Sequence longer than 500.
2024-08-19 16:27:42,184 - root - WARNING - Skipping ENST00000555694. Sequence longer than 500.
2024-08-19 16:27:42,184 - root - WARNING - Skipping ENST00000394666. Sequence longer than 500.
2024-08-19 16:27:42,185 - root - WARNING - Skipping ENST00000372874. Sequence longer than 500.
2024-08-19 16:27:42,185 - root - WARNING - Skipping ENST00000315906. Sequence longer than 500.
2024-08-19 16:27:42,185 - root - WARNING - Skipping ENST00000562188. Sequence longer than 500.
2024-08-19 16:27:42,185 - root - WARNING - Skipping ENST00000260408. Sequence longer than 500.
2024-08-19 16:27:42,186 - root - WARNING - Skipping ENST00000535346. Sequence longer than 500.
2024-08-19 16:27:42,186 - root - WARNING - Skipping ENST00000368679. Sequence longer than 500.
2024-08-19 16:27:42,186 - root - WARNING - Skipping ENST00000310823. Sequence longer than 500.
2024-08-19 16:27:42,186 - root - WARNING - Skipping ENST00000265727. Sequence longer than 500.
2024-08-19 16:27:42,187 - root - WARNING - Skipping ENST00000265769. Sequence longer than 500.
2024-08-19 16:27:42,187 - root - WARNING - Skipping ENST00000369400. Sequence longer than 500.
2024-08-19 16:27:42,187 - root - WARNING - Skipping ENST00000445355. Sequence longer than 500.
2024-08-19 16:27:42,187 - root - WARNING - Skipping ENST00000487273. Sequence longer than 500.
2024-08-19 16:27:42,188 - root - WARNING - Skipping ENST00000522298. Sequence longer than 500.
2024-08-19 16:27:42,188 - root - WARNING - Skipping ENST00000284984. Sequence longer than 500.
2024-08-19 16:27:42,188 - root - WARNING - Skipping ENST00000504830. Sequence longer than 500.
2024-08-19 16:27:42,188 - root - WARNING - Skipping ENST00000274181. Sequence longer than 500.
2024-08-19 16:27:42,189 - root - WARNING - Skipping ENST00000251582. Sequence longer than 500.
2024-08-19 16:27:42,189 - root - WARNING - Skipping ENST00000367996. Sequence longer than 500.
2024-08-19 16:27:42,190 - root - WARNING - Skipping ENST00000284987. Sequence longer than 500.
2024-08-19 16:27:42,190 - root - WARNING - Skipping ENST00000388820. Sequence longer than 500.
2024-08-19 16:27:42,190 - root - WARNING - Skipping ENST00000380548. Sequence longer than 500.
2024-08-19 16:27:42,191 - root - WARNING - Skipping ENST00000393061. Sequence longer than 500.
2024-08-19 16:27:42,191 - root - WARNING - Skipping ENST00000567476. Sequence longer than 500.
2024-08-19 16:27:42,191 - root - WARNING - Skipping ENST00000369038. Sequence longer than 500.
2024-08-19 16:27:42,191 - root - WARNING - Skipping ENST00000330475. Sequence longer than 500.
2024-08-19 16:27:42,192 - root - WARNING - Skipping ENST00000265846. Sequence longer than 500.
2024-08-19 16:27:42,192 - root - WARNING - Skipping ENST00000330889. Sequence longer than 500.
2024-08-19 16:27:42,192 - root - WARNING - Skipping ENST00000368474. Sequence longer than 500.
2024-08-19 16:27:42,193 - root - WARNING - Skipping ENST00000307921. Sequence longer than 500.
2024-08-19 16:27:42,193 - root - WARNING - Skipping ENST00000237283. Sequence longer than 500.
2024-08-19 16:27:42,193 - root - WARNING - Skipping ENST00000329478. Sequence longer than 500.
2024-08-19 16:27:42,194 - root - WARNING - Skipping ENST00000238561. Sequence longer than 500.
2024-08-19 16:27:42,194 - root - WARNING - Skipping ENST00000324464. Sequence longer than 500.
2024-08-19 16:27:42,194 - root - WARNING - Skipping ENST00000308860. Sequence longer than 500.
2024-08-19 16:27:42,195 - root - WARNING - Skipping ENST00000297323. Sequence longer than 500.
2024-08-19 16:27:42,195 - root - WARNING - Skipping ENST00000260600. Sequence longer than 500.
2024-08-19 16:27:42,195 - root - WARNING - Skipping ENST00000554068. Sequence longer than 500.
2024-08-19 16:27:42,195 - root - WARNING - Skipping ENST00000462833. Sequence longer than 500.
2024-08-19 16:27:42,198 - root - WARNING - Skipping ENST00000550422. Sequence longer than 500.
2024-08-19 16:27:42,198 - root - WARNING - Skipping ENST00000394697. Sequence longer than 500.
2024-08-19 16:27:42,201 - root - WARNING - Skipping ENST00000294016. Sequence longer than 500.
2024-08-19 16:27:42,202 - root - WARNING - Skipping ENST00000579794. Sequence longer than 500.
2024-08-19 16:27:42,202 - root - WARNING - Skipping ENST00000409363. Sequence longer than 500.
2024-08-19 16:27:42,202 - root - WARNING - Skipping ENST00000398125. Sequence longer than 500.
2024-08-19 16:27:42,203 - root - WARNING - Skipping ENST00000407644. Sequence longer than 500.
2024-08-19 16:27:42,204 - root - WARNING - Skipping ENST00000360162. Sequence longer than 500.
2024-08-19 16:27:42,204 - root - WARNING - Skipping ENST00000397944. Sequence longer than 500.
2024-08-19 16:27:42,204 - root - WARNING - Skipping ENST00000412232. Sequence longer than 500.
2024-08-19 16:27:42,205 - root - WARNING - Skipping ENST00000334304. Sequence longer than 500.
2024-08-19 16:27:42,205 - root - WARNING - Skipping ENST00000517894. Sequence longer than 500.
2024-08-19 16:27:42,205 - root - WARNING - Skipping ENST00000398556. Sequence longer than 500.
2024-08-19 16:27:42,205 - root - WARNING - Skipping ENST00000392965. Sequence longer than 500.
2024-08-19 16:27:42,206 - root - WARNING - Skipping ENST00000253673. Sequence longer than 500.
2024-08-19 16:27:42,206 - root - WARNING - Skipping ENST00000242786. Sequence longer than 500.
2024-08-19 16:27:42,206 - root - WARNING - Skipping ENST00000327753. Sequence longer than 500.
2024-08-19 16:27:42,206 - root - WARNING - Skipping ENST00000283296. Sequence longer than 500.
2024-08-19 16:27:42,207 - root - WARNING - Skipping ENST00000568908. Sequence longer than 500.
2024-08-19 16:27:42,207 - root - WARNING - Skipping ENST00000379873. Sequence longer than 500.
2024-08-19 16:27:42,207 - root - WARNING - Skipping ENST00000340339. Sequence longer than 500.
2024-08-19 16:27:42,207 - root - WARNING - Skipping ENST00000296932. Sequence longer than 500.
2024-08-19 16:27:42,208 - root - WARNING - Skipping ENST00000273352. Sequence longer than 500.
2024-08-19 16:27:42,208 - root - WARNING - Skipping ENST00000340736. Sequence longer than 500.
2024-08-19 16:27:42,208 - root - WARNING - Skipping ENST00000359929. Sequence longer than 500.
2024-08-19 16:27:42,208 - root - WARNING - Skipping ENST00000370742. Sequence longer than 500.
2024-08-19 16:27:42,209 - root - WARNING - Skipping ENST00000209668. Sequence longer than 500.
2024-08-19 16:27:42,209 - root - WARNING - Skipping ENST00000305046. Sequence longer than 500.
2024-08-19 16:27:42,209 - root - WARNING - Skipping ENST00000515683. Sequence longer than 500.
2024-08-19 16:27:42,209 - root - WARNING - Skipping ENST00000505590. Sequence longer than 500.
2024-08-19 16:27:42,210 - root - WARNING - Skipping ENST00000296412. Sequence longer than 500.
2024-08-19 16:27:42,210 - root - WARNING - Skipping ENST00000237653. Sequence longer than 500.
2024-08-19 16:27:42,210 - root - WARNING - Skipping ENST00000209665. Sequence longer than 500.
2024-08-19 16:27:42,210 - root - WARNING - Skipping ENST00000396623. Sequence longer than 500.
2024-08-19 16:27:42,211 - root - WARNING - Skipping ENST00000327435. Sequence longer than 500.
2024-08-19 16:27:42,211 - root - WARNING - Skipping ENST00000444204. Sequence longer than 500.
2024-08-19 16:27:42,211 - root - WARNING - Skipping ENST00000367254. Sequence longer than 500.
2024-08-19 16:27:42,211 - root - WARNING - Skipping ENST00000357103. Sequence longer than 500.
2024-08-19 16:27:42,212 - root - WARNING - Skipping ENST00000286621. Sequence longer than 500.
2024-08-19 16:27:42,212 - root - WARNING - Skipping ENST00000534464. Sequence longer than 500.
2024-08-19 16:27:42,212 - root - WARNING - Skipping ENST00000395738. Sequence longer than 500.
2024-08-19 16:27:42,213 - root - WARNING - Skipping ENST00000621696. Sequence longer than 500.
2024-08-19 16:27:42,213 - root - WARNING - Skipping ENST00000373783. Sequence longer than 500.
2024-08-19 16:27:42,213 - root - WARNING - Skipping ENST00000618295. Sequence longer than 500.
2024-08-19 16:27:42,213 - root - WARNING - Skipping ENST00000311669. Sequence longer than 500.
2024-08-19 16:27:42,214 - root - WARNING - Skipping ENST00000478399. Sequence longer than 500.
2024-08-19 16:27:42,214 - root - WARNING - Skipping ENST00000373178. Sequence longer than 500.
2024-08-19 16:27:42,214 - root - WARNING - Skipping ENST00000609540. Sequence longer than 500.
2024-08-19 16:27:42,214 - root - WARNING - Skipping ENST00000306675. Sequence longer than 500.
2024-08-19 16:27:42,216 - root - WARNING - Skipping ENST00000280155. Sequence longer than 500.
2024-08-19 16:27:42,216 - root - WARNING - Skipping ENST00000620793. Sequence longer than 500.
2024-08-19 16:27:42,216 - root - WARNING - Skipping ENST00000305988. Sequence longer than 500.
2024-08-19 16:27:42,216 - root - WARNING - Skipping ENST00000308595. Sequence longer than 500.
2024-08-19 16:27:42,217 - root - WARNING - Skipping ENST00000324198. Sequence longer than 500.
2024-08-19 16:27:42,217 - root - WARNING - Skipping ENST00000491935. Sequence longer than 500.
2024-08-19 16:27:42,217 - root - WARNING - Skipping ENST00000623063. Sequence longer than 500.
2024-08-19 16:27:42,217 - root - WARNING - Skipping ENST00000366535. Sequence longer than 500.
2024-08-19 16:27:42,218 - root - WARNING - Skipping ENST00000330877. Sequence longer than 500.
2024-08-19 16:27:42,218 - root - WARNING - Skipping ENST00000223357. Sequence longer than 500.
2024-08-19 16:27:42,218 - root - WARNING - Skipping ENST00000327141. Sequence longer than 500.
2024-08-19 16:27:42,218 - root - WARNING - Skipping ENST00000360265. Sequence longer than 500.
2024-08-19 16:27:42,220 - root - WARNING - Skipping ENST00000296721. Sequence longer than 500.
2024-08-19 16:27:42,220 - root - WARNING - Skipping ENST00000369271. Sequence longer than 500.
2024-08-19 16:27:42,220 - root - WARNING - Skipping ENST00000395146. Sequence longer than 500.
2024-08-19 16:27:42,221 - root - WARNING - Skipping ENST00000370457. Sequence longer than 500.
2024-08-19 16:27:42,221 - root - WARNING - Skipping ENST00000265343. Sequence longer than 500.
2024-08-19 16:27:42,222 - root - WARNING - Skipping ENST00000269143. Sequence longer than 500.
2024-08-19 16:27:42,234 - root - WARNING - Skipping ENST00000226355. Sequence longer than 500.
2024-08-19 16:27:42,235 - root - WARNING - Skipping ENST00000409257. Sequence longer than 500.
2024-08-19 16:27:42,236 - root - WARNING - Skipping ENST00000238856. Sequence longer than 500.
2024-08-19 16:27:42,237 - root - WARNING - Skipping ENST00000264595. Sequence longer than 500.
2024-08-19 16:27:42,238 - root - WARNING - Skipping ENST00000304032. Sequence longer than 500.
2024-08-19 16:27:42,238 - root - WARNING - Skipping ENST00000373671. Sequence longer than 500.
2024-08-19 16:27:42,238 - root - WARNING - Skipping ENST00000300176. Sequence longer than 500.
2024-08-19 16:27:42,240 - root - WARNING - Skipping ENST00000312916. Sequence longer than 500.
2024-08-19 16:27:42,240 - root - WARNING - Skipping ENST00000370165. Sequence longer than 500.
2024-08-19 16:27:42,240 - root - WARNING - Skipping ENST00000375826. Sequence longer than 500.
2024-08-19 16:27:42,241 - root - WARNING - Skipping ENST00000342526. Sequence longer than 500.
2024-08-19 16:27:42,242 - root - WARNING - Skipping ENST00000373204. Sequence longer than 500.
2024-08-19 16:27:42,242 - root - WARNING - Skipping ENST00000220592. Sequence longer than 500.
2024-08-19 16:27:42,242 - root - WARNING - Skipping ENST00000373191. Sequence longer than 500.
2024-08-19 16:27:42,243 - root - WARNING - Skipping ENST00000373210. Sequence longer than 500.
2024-08-19 16:27:42,244 - root - WARNING - Skipping ENST00000538402. Sequence longer than 500.
2024-08-19 16:27:42,244 - root - WARNING - Skipping ENST00000546158. Sequence longer than 500.
2024-08-19 16:27:42,245 - root - WARNING - Skipping ENST00000320285. Sequence longer than 500.
2024-08-19 16:27:42,245 - root - WARNING - Skipping ENST00000285518. Sequence longer than 500.
2024-08-19 16:27:42,246 - root - WARNING - Skipping ENST00000264167. Sequence longer than 500.
2024-08-19 16:27:42,246 - root - WARNING - Skipping ENST00000419304. Sequence longer than 500.
2024-08-19 16:27:42,247 - root - WARNING - Skipping ENST00000310398. Sequence longer than 500.
2024-08-19 16:27:42,247 - root - WARNING - Skipping ENST00000379370. Sequence longer than 500.
2024-08-19 16:27:42,248 - root - WARNING - Skipping ENST00000366667. Sequence longer than 500.
2024-08-19 16:27:42,249 - root - WARNING - Skipping ENST00000357081. Sequence longer than 500.
2024-08-19 16:27:42,249 - root - WARNING - Skipping ENST00000314340. Sequence longer than 500.
2024-08-19 16:27:42,250 - root - WARNING - Skipping ENST00000307503. Sequence longer than 500.
2024-08-19 16:27:42,250 - root - WARNING - Skipping ENST00000231420. Sequence longer than 500.
2024-08-19 16:27:42,251 - root - WARNING - Skipping ENST00000326225. Sequence longer than 500.
2024-08-19 16:27:42,251 - root - WARNING - Skipping ENST00000217426. Sequence longer than 500.
2024-08-19 16:27:42,252 - root - WARNING - Skipping ENST00000369799. Sequence longer than 500.
2024-08-19 16:27:42,252 - root - WARNING - Skipping ENST00000446544. Sequence longer than 500.
2024-08-19 16:27:42,254 - root - WARNING - Skipping ENST00000374011. Sequence longer than 500.
2024-08-19 16:27:42,254 - root - WARNING - Skipping ENST00000457866. Sequence longer than 500.
2024-08-19 16:27:42,254 - root - WARNING - Skipping ENST00000378024. Sequence longer than 500.
2024-08-19 16:27:42,255 - root - WARNING - Skipping ENST00000333244. Sequence longer than 500.
2024-08-19 16:27:42,255 - root - WARNING - Skipping ENST00000216479. Sequence longer than 500.
2024-08-19 16:27:42,255 - root - WARNING - Skipping ENST00000411641. Sequence longer than 500.
2024-08-19 16:27:42,256 - root - INFO - Computing predictions for: ENST00000302312-vienna_2
2024-08-19 16:27:42,256 - root - INFO -    Sequence length: 488
2024-08-19 16:28:04,213 - root - INFO -    Pred time: 21.956757068634033 seconds.
